<?xml version="1.0" encoding="utf-8"?><testsuites name="pytest tests"><testsuite name="pytest" errors="0" failures="0" skipped="0" tests="8" time="0.994" timestamp="2026-04-28T18:11:00.561245+00:00" hostname="agent-env-c4b5c155-1998-43d1-aeec-2c0473c4788a"><testcase classname="backend.tests.backend_test.TestHealth" name="test_root" time="0.542" /><testcase classname="backend.tests.backend_test.TestQuote" name="test_submit_valid_quote" time="0.056" /><testcase classname="backend.tests.backend_test.TestQuote" name="test_submit_quote_missing_required" time="0.044" /><testcase classname="backend.tests.backend_test.TestQuote" name="test_submit_quote_invalid_email" time="0.045" /><testcase classname="backend.tests.backend_test.TestQuote" name="test_submit_quote_short_name" time="0.044" /><testcase classname="backend.tests.backend_test.TestQuote" name="test_quote_optional_service" time="0.052" /><testcase classname="backend.tests.backend_test.TestListQuotes" name="test_list_quotes_returns_list_no_objectid" time="0.050" /><testcase classname="backend.tests.backend_test.TestListQuotes" name="test_persisted_quote_appears_in_list" time="0.051" /></testsuite></testsuites>